{
  "0 debug pnpm:scope": {
    "selected": 1,
    "workspacePrefix": "D:\\web3\\web3"
  },
  "1 info pnpm": {
    "err": {
      "name": "Error",
      "message": "not found: intall",
      "code": "ENOENT",
      "stack": "Error: not found: intall\n    at getNotFoundError (C:\\Users\\23115\\AppData\\Roaming\\npm\\node_modules\\pnpm\\dist\\pnpm.cjs:36331:51)\n    at Function.whichSync [as sync] (C:\\Users\\23115\\AppData\\Roaming\\npm\\node_modules\\pnpm\\dist\\pnpm.cjs:36408:13)\n    at getCommandAbsolutePathSync (C:\\Users\\23115\\AppData\\Roaming\\npm\\node_modules\\pnpm\\dist\\pnpm.cjs:37973:44)\n    at default_1 (C:\\Users\\23115\\AppData\\Roaming\\npm\\node_modules\\pnpm\\dist\\pnpm.cjs:37982:32)\n    at C:\\Users\\23115\\AppData\\Roaming\\npm\\node_modules\\pnpm\\dist\\pnpm.cjs:130218:39"
    }
  },
  "2 error pnpm": {
    "code": "ERR_PNPM_RECURSIVE_EXEC_FIRST_FAIL",
    "prefix": "D:\\web3\\web3",
    "err": {
      "name": "pnpm",
      "message": "not found: intall",
      "code": "ERR_PNPM_RECURSIVE_EXEC_FIRST_FAIL",
      "stack": "Error: not found: intall\n    at getNotFoundError (C:\\Users\\23115\\AppData\\Roaming\\npm\\node_modules\\pnpm\\dist\\pnpm.cjs:36331:51)\n    at Function.whichSync [as sync] (C:\\Users\\23115\\AppData\\Roaming\\npm\\node_modules\\pnpm\\dist\\pnpm.cjs:36408:13)\n    at getCommandAbsolutePathSync (C:\\Users\\23115\\AppData\\Roaming\\npm\\node_modules\\pnpm\\dist\\pnpm.cjs:37973:44)\n    at default_1 (C:\\Users\\23115\\AppData\\Roaming\\npm\\node_modules\\pnpm\\dist\\pnpm.cjs:37982:32)\n    at C:\\Users\\23115\\AppData\\Roaming\\npm\\node_modules\\pnpm\\dist\\pnpm.cjs:130218:39"
    }
  }
}